<?xml version="1.0" encoding="UTF-8"?>
<testsuite name="com.kodilla.stream.portfolio.BoardTestSuite" tests="5" skipped="0" failures="0" errors="0" timestamp="2023-03-24T14:24:04" hostname="DESKTOP-Q0KKPO1" time="0.038">
  <properties/>
  <testcase name="testAddTaskList()" classname="com.kodilla.stream.portfolio.BoardTestSuite" time="0.011"/>
  <testcase name="testAddTaskListAverageWorkingOnTask()" classname="com.kodilla.stream.portfolio.BoardTestSuite" time="0.014"/>
  <testcase name="testAddTaskListFindUsersTasks()" classname="com.kodilla.stream.portfolio.BoardTestSuite" time="0.002"/>
  <testcase name="testAddTaskListFindLongTasks()" classname="com.kodilla.stream.portfolio.BoardTestSuite" time="0.004"/>
  <testcase name="testAddTaskListFindOutdatedTasks()" classname="com.kodilla.stream.portfolio.BoardTestSuite" time="0.002"/>
  <system-out><![CDATA[]]></system-out>
  <system-err><![CDATA[]]></system-err>
</testsuite>
