<?xml version="1.0" encoding="UTF-8"?>
<testsuite name="com.kodilla.exception.io.FileReaderTestSuite" tests="1" skipped="0" failures="0" errors="0" timestamp="2023-03-24T14:24:00" hostname="DESKTOP-Q0KKPO1" time="0.039">
  <properties/>
  <testcase name="testReadFile()" classname="com.kodilla.exception.io.FileReaderTestSuite" time="0.039"/>
  <system-out><![CDATA[Tomek
Alicja
Bartek
MikoÅ‚aj
Always
]]></system-out>
  <system-err><![CDATA[]]></system-err>
</testsuite>
