<?xml version="1.0" encoding="UTF-8"?>
<testsuite name="com.kodilla.testing.CalculateStatisticsTestSuite" tests="10" skipped="0" failures="0" errors="0" timestamp="2023-03-24T14:23:55" hostname="DESKTOP-Q0KKPO1" time="1.959">
  <properties/>
  <testcase name="testCalculateAdvStatisticsIfUsers1000Posts600Comment0()" classname="com.kodilla.testing.CalculateStatisticsTestSuite" time="1.83"/>
  <testcase name="testCalculateAdvStatisticsIfUsers0Posts0Comment80()" classname="com.kodilla.testing.CalculateStatisticsTestSuite" time="0.008"/>
  <testcase name="testCalculateAdvStatisticsIfUsers0Posts600Comment800()" classname="com.kodilla.testing.CalculateStatisticsTestSuite" time="0.009"/>
  <testcase name="testCalculateAdvStatisticsIfCountOfPostsGreaterThanCountOfComments()" classname="com.kodilla.testing.CalculateStatisticsTestSuite" time="0.021"/>
  <testcase name="testCalculateAdvStatisticsIfUsers100Posts0Comment0()" classname="com.kodilla.testing.CalculateStatisticsTestSuite" time="0.004"/>
  <testcase name="testCalculateAdvStatisticsIfUsers0Posts70Comment0()" classname="com.kodilla.testing.CalculateStatisticsTestSuite" time="0.009"/>
  <testcase name="testCalculateAdvStatisticsIfCountOfCommentsGreaterThanCountOfPosts()" classname="com.kodilla.testing.CalculateStatisticsTestSuite" time="0.006"/>
  <testcase name="testCalculateAdvStatisticsIfUsers0Posts0Comment0()" classname="com.kodilla.testing.CalculateStatisticsTestSuite" time="0.004"/>
  <testcase name="testCalculateAdvStatisticsIfUsers1000Posts250Comment800()" classname="com.kodilla.testing.CalculateStatisticsTestSuite" time="0.005"/>
  <testcase name="testCalculateAdvStatisticsIfUsers1000Posts0Comment800()" classname="com.kodilla.testing.CalculateStatisticsTestSuite" time="0.007"/>
  <system-out><![CDATA[]]></system-out>
  <system-err><![CDATA[]]></system-err>
</testsuite>
