<?xml version="1.0" encoding="UTF-8"?>
<testsuite name="com.kodilla.testing.weather.mock.WeatherForecastTestSuite" tests="3" skipped="0" failures="0" errors="0" timestamp="2023-03-24T14:23:57" hostname="DESKTOP-Q0KKPO1" time="0.051">
  <properties/>
  <testcase name="When calculating average temperatures then it should calculate the right value form temperatureMap" classname="com.kodilla.testing.weather.mock.WeatherForecastTestSuite" time="0.039"/>
  <testcase name="When calculating average temperatures then it should calculate the right value form temperatureMap" classname="com.kodilla.testing.weather.mock.WeatherForecastTestSuite" time="0.003"/>
  <testcase name="Weather Forecast Test Suite" classname="com.kodilla.testing.weather.mock.WeatherForecastTestSuite" time="0.006"/>
  <system-out><![CDATA[]]></system-out>
  <system-err><![CDATA[]]></system-err>
</testsuite>
